\BOOKMARK [0][-]{chapter*.2}{Kivonat}{}% 1
\BOOKMARK [0][-]{chapter*.3}{Abstract}{}% 2
\BOOKMARK [0][-]{chapter.1}{Introduction}{}% 3
\BOOKMARK [1][-]{section.1.1}{The Old Administration Portal}{chapter.1}% 4
\BOOKMARK [1][-]{section.1.2}{Purpose of the Thesis}{chapter.1}% 5
\BOOKMARK [1][-]{section.1.3}{?}{chapter.1}% 6
\BOOKMARK [0][-]{chapter.2}{Specification}{}% 7
\BOOKMARK [0][-]{chapter.3}{Conceptional System Design}{}% 8
\BOOKMARK [1][-]{section.3.1}{MVC Pattern}{chapter.3}% 9
\BOOKMARK [1][-]{section.3.2}{System Design}{chapter.3}% 10
\BOOKMARK [2][-]{subsection.3.2.1}{Frontend System Design}{section.3.2}% 11
\BOOKMARK [2][-]{subsection.3.2.2}{Database - ER}{section.3.2}% 12
\BOOKMARK [2][-]{subsection.3.2.3}{Server}{section.3.2}% 13
\BOOKMARK [2][-]{subsection.3.2.4}{client-server commmunication}{section.3.2}% 14
\BOOKMARK [2][-]{subsection.3.2.5}{client-user commmunication}{section.3.2}% 15
\BOOKMARK [0][-]{chapter.4}{Comparing JavaScript Frameworks}{}% 16
\BOOKMARK [1][-]{section.4.1}{React}{chapter.4}% 17
\BOOKMARK [1][-]{section.4.2}{AngularJS}{chapter.4}% 18
\BOOKMARK [1][-]{section.4.3}{Mithril}{chapter.4}% 19
\BOOKMARK [1][-]{section.4.4}{Conclusion}{chapter.4}% 20
\BOOKMARK [1][-]{section.4.5}{Chosen Tools}{chapter.4}% 21
\BOOKMARK [0][-]{chapter.5}{Design}{}% 22
\BOOKMARK [0][-]{chapter.6}{Implementation}{}% 23
\BOOKMARK [0][-]{chapter.7}{Test}{}% 24
\BOOKMARK [0][-]{chapter.8}{Deployment}{}% 25
\BOOKMARK [0][-]{chapter.9}{Conclusion}{}% 26
\BOOKMARK [0][-]{chapter*.6}{Acknowledgements}{}% 27
\BOOKMARK [0][-]{chapter*.7}{List of Figures}{}% 28
\BOOKMARK [0][-]{chapter*.8}{List of Tables}{}% 29
\BOOKMARK [0][-]{chapter*.9}{Bibliography}{}% 30
\BOOKMARK [0][-]{appendix*.10}{Appendix}{}% 31
