\BOOKMARK [0][-]{chapter*.2}{Kivonat}{}% 1
\BOOKMARK [0][-]{chapter*.3}{Abstract}{}% 2
\BOOKMARK [0][-]{chapter.1}{Introduction}{}% 3
\BOOKMARK [0][-]{chapter.2}{Comparing JavaScript Frameworks}{}% 4
\BOOKMARK [1][-]{section.2.1}{React}{chapter.2}% 5
\BOOKMARK [1][-]{section.2.2}{AngularJS}{chapter.2}% 6
\BOOKMARK [1][-]{section.2.3}{Mithril}{chapter.2}% 7
\BOOKMARK [1][-]{section.2.4}{Conclusion}{chapter.2}% 8
\BOOKMARK [0][-]{chapter.3}{specification}{}% 9
\BOOKMARK [0][-]{chapter.4}{conceptual}{}% 10
\BOOKMARK [0][-]{chapter.5}{design}{}% 11
\BOOKMARK [0][-]{chapter.6}{implementation}{}% 12
\BOOKMARK [0][-]{chapter.7}{test}{}% 13
\BOOKMARK [0][-]{chapter.8}{deployment}{}% 14
\BOOKMARK [0][-]{chapter.9}{conclusion}{}% 15
\BOOKMARK [0][-]{chapter*.4}{Acknowledgements}{}% 16
\BOOKMARK [0][-]{chapter*.5}{List of Figures}{}% 17
\BOOKMARK [0][-]{chapter*.6}{List of Tables}{}% 18
\BOOKMARK [0][-]{chapter*.7}{Bibliography}{}% 19
\BOOKMARK [0][-]{appendix*.8}{Appendix}{}% 20
